[2021-11-22T15:22:29.702933+00:00] User.INFO: User 2 successfully registered on 2021-11-22 15:22:29 [] []
[2021-11-22T15:33:01.136915+00:00] User.INFO: User 3 successfully registered on 2021-11-22 15:33:01 [] []
[2021-11-22T16:02:51.460942+00:00] User.INFO: User 4 successfully registered on 2021-11-22 16:02:51 [] []
[2021-11-22T16:05:04.369055+00:00] User.INFO: User 5 successfully registered on 2021-11-22 16:05:04 [] []
[2021-11-22T16:06:37.246984+00:00] User.INFO: User 6 successfully registered on 2021-11-22 16:06:37 [] []
[2021-11-23T15:22:28.384937+00:00] usuario.INFO: User admin@admin.com has been edited successfully [] []
[2021-11-23T15:23:12.909482+00:00] usuario.INFO: User admin@admin.com has been edited successfully [] []
[2021-11-23T15:38:47.608065+00:00] usuario.INFO: El usuario admin1234 ha sido eliminado [] []
[2021-11-23T15:49:12.733797+00:00] Category.INFO: Category Technical successfully registered on 2021-11-23 15:49:12 [] []
[2021-11-23T16:11:53.303591+00:00] Portfolio.INFO: Portfolio 1 successfully registered on 2021-11-23 16:11:53 [] []
[2021-11-23T16:17:48.980618+00:00] Crypto.INFO: Crypto BTC successfully registered on 2021-11-23 16:17:48 [] []
[2021-11-23T16:27:42.474765+00:00] Analysis.INFO: Analysis 1 successfully registered on 2021-11-23 16:27:42 [] []
[2021-11-24T22:28:35.001943+00:00] Crypto.INFO: Crypto LTC successfully registered on 2021-11-24 22:28:35 [] []
[2021-11-24T23:07:58.073809+00:00] crypto.INFO: Crypto with id:1, has been edited [] []
[2021-11-24T23:08:29.639884+00:00] crypto.INFO: Crypto with id:1, has been edited [] []
[2021-11-24T23:08:55.254993+00:00] crypto.INFO: Crypto with id:1, has been edited [] []
[2021-11-24T23:09:14.211001+00:00] crypto.INFO: Crypto with id:2, has been edited [] []
[2021-11-24T23:20:46.912665+00:00] crypto.INFO: Crypto with id:1, has been edited [] []
[2021-11-24T23:35:27.121653+00:00] Comment.INFO: Comment 1 successfully registered on 2021-11-24 23:35:27 [] []
[2021-11-24T23:36:58.044214+00:00] Comment.INFO: Comment 2 successfully registered on 2021-11-24 23:36:58 [] []
[2021-11-24T23:42:18.564457+00:00] Comment.INFO: Comment 3 successfully registered on 2021-11-24 23:42:18 [] []
[2021-11-24T23:46:03.575245+00:00] Comment.INFO: Comment 4 successfully registered on 2021-11-24 23:46:03 [] []
[2021-11-24T23:46:28.108361+00:00] Comment.INFO: Comment 5 successfully registered on 2021-11-24 23:46:28 [] []
[2021-11-25T08:07:42.849462+00:00] crypto.INFO: Crypto with id:1, has been edited [] []
[2021-11-25T08:19:28.220698+00:00] Comment.INFO: Comment 1 successfully registered on 2021-11-25 08:19:28 [] []
[2021-11-25T11:14:42.770232+00:00] Comment.INFO: Comment  has been deleted [] []
[2021-11-25T16:27:42.479865+00:00] Comment.INFO: Comment 2 successfully registered on 2021-11-25 16:27:42 [] []
[2021-11-25T16:28:33.042979+00:00] Crypto.INFO: Crypto LTC successfully registered on 2021-11-25 16:28:33 [] []
[2021-11-25T16:28:48.035972+00:00] crypto.INFO: Crypto with id:2, has been edited [] []
[2021-12-01T11:09:14.077068+00:00] Category.INFO: Category Fundamental successfully registered on 2021-12-01 11:09:14 [] []
[2021-12-01T11:27:54.123075+00:00] Category.INFO: Category Chamanic successfully registered on 2021-12-01 11:27:54 [] []
[2021-12-01T11:30:37.112825+00:00] Category.INFO: Category Esotheric successfully registered on 2021-12-01 11:30:37 [] []
[2021-12-01T11:37:25.157940+00:00] Category.INFO: Category Lunar successfully registered on 2021-12-01 11:37:25 [] []
[2021-12-01T11:48:12.012232+00:00] Category.INFO: Category Test successfully registered on 2021-12-01 11:48:12 [] []
[2021-12-01T11:49:12.895731+00:00] Category.INFO: Category Test Analysis successfully registered on 2021-12-01 11:49:12 [] []
[2021-12-01T11:52:48.232918+00:00] Analysis.INFO: Analysis 2 successfully registered on 2021-12-01 11:52:48 [] []
[2021-12-07T08:34:30.113723+00:00] Comment.INFO: Comment  has been deleted [] []
[2021-12-07T08:35:02.347019+00:00] Comment.INFO: Comment 3 successfully registered on 2021-12-07 08:35:02 [] []
[2021-12-07T08:43:14.098613+00:00] Comment.INFO: Comment  has been deleted [] []
[2021-12-07T09:19:52.407669+00:00] Comment.INFO: Comment 4 successfully registered on 2021-12-07 09:19:52 [] []
[2021-12-07T10:26:05.219591+00:00] Comment.INFO: Comment  has been deleted [] []
[2021-12-07T11:06:30.076981+00:00] Portfolio.INFO: Portfolio 2 successfully registered on 2021-12-07 11:06:30 [] []
[2021-12-07T11:43:19.719147+00:00] Comment.INFO: Comment 5 successfully registered on 2021-12-07 11:43:19 [] []
[2021-12-07T11:59:21.167625+00:00] Comment.INFO: Comment  has been deleted [] []
[2021-12-08T15:49:10.444283+00:00] User.INFO: User 5 successfully registered on 2021-12-08 15:49:10 [] []
[2021-12-08T15:50:27.053028+00:00] User.INFO: User 6 successfully registered on 2021-12-08 15:50:27 [] []
[2021-12-08T15:52:38.353628+00:00] Analysis.INFO: Analysis 2 successfully registered on 2021-12-08 15:52:38 [] []
[2021-12-08T15:54:57.727783+00:00] Analysis.INFO: Analysis 3 successfully registered on 2021-12-08 15:54:57 [] []
[2021-12-08T15:55:36.505357+00:00] Comment.INFO: Comment 6 successfully registered on 2021-12-08 15:55:36 [] []
[2021-12-08T15:56:46.691025+00:00] Comment.INFO: Comment 7 successfully registered on 2021-12-08 15:56:46 [] []
[2021-12-08T15:57:57.919730+00:00] Category.INFO: Category Fundamental successfully registered on 2021-12-08 15:57:57 [] []
[2021-12-08T15:58:06.803166+00:00] Category.INFO: Category Chamanic successfully registered on 2021-12-08 15:58:06 [] []
[2021-12-08T15:58:18.664647+00:00] Category.INFO: Category Test successfully registered on 2021-12-08 15:58:18 [] []
[2021-12-08T15:58:23.418679+00:00] Portfolio.INFO: Portfolio 2 successfully registered on 2021-12-08 15:58:23 [] []
